<?xml version="1.0" encoding="UTF-8"?>
<testsuite name="runners.CukesRunner" time="5.554" tests="3" errors="0" skipped="0" failures="0">
  <properties>
[...]
</properties>
  <testcase name="I open url of homepage" classname="Verify the title of Browse lists page" time="4.489"/>
  <testcase name="Verify the title of Browse Lists page is &quot;Movieo&quot;" classname="Verify the title of Browse lists page" time="0.132"/>
  <testcase name="Verify the title of Browse lists page" classname="Verify the title of Browse lists page" time="0.933"/>
</testsuite>